<?xml version="1.0" encoding="UTF-8"?>
<testng-results skipped="0" failed="0" ignored="0" total="0" passed="0">
  <reporter-output>
  </reporter-output>
  <suite name="Surefire suite" duration-ms="8" started-at="2021-08-23T15:31:14 EAT" finished-at="2021-08-23T15:31:14 EAT">
    <groups>
    </groups>
    <test name="Surefire test" duration-ms="8" started-at="2021-08-23T15:31:14 EAT" finished-at="2021-08-23T15:31:14 EAT">
    </test> <!-- Surefire test -->
  </suite> <!-- Surefire suite -->
</testng-results>
