<?xml version="1.0" encoding="UTF-8"?>
<testng-results skipped="0" failed="0" ignored="0" total="0" passed="0">
  <reporter-output>
  </reporter-output>
  <suite name="Command line suite" duration-ms="8" started-at="2021-08-06T12:07:11 EAT" finished-at="2021-08-06T12:07:11 EAT">
    <groups>
    </groups>
    <test name="Command line test" duration-ms="8" started-at="2021-08-06T12:07:11 EAT" finished-at="2021-08-06T12:07:11 EAT">
    </test> <!-- Command line test -->
  </suite> <!-- Command line suite -->
</testng-results>
